üü¢ Userbot started
‚è≠Ô∏è Skipped
‚è≠Ô∏è Skipped
‚è≠Ô∏è Skipped
‚è≠Ô∏è Skipped
‚è≠Ô∏è Skipped
‚è≠Ô∏è Skipped
Cannot get difference since the account is likely misusing the session: database is locked
Unhandled exception from keepalive_handle after cancelling <class '_asyncio.Task'> (<Task finished name='Task-7' coro=<UpdateMethods._keepalive_loop() done, defined at /root/pumper_userbot/tg_pump_parser/venv/lib/python3.12/site-packages/telethon/client/updates.py:481> exception=OperationalError('database is locked')>)
Traceback (most recent call last):
  File "/root/pumper_userbot/tg_pump_parser/venv/lib/python3.12/site-packages/telethon/helpers.py", line 176, in _cancel
    await task
  File "/root/pumper_userbot/tg_pump_parser/venv/lib/python3.12/site-packages/telethon/client/updates.py", line 517, in _keepalive_loop
    self._save_states_and_entities()
  File "/root/pumper_userbot/tg_pump_parser/venv/lib/python3.12/site-packages/telethon/client/telegrambaseclient.py", line 694, in _save_states_and_entities
    self.session.process_entities(types.contacts.ResolvedPeer(None, [e._as_input_peer() for e in entities], []))
  File "/root/pumper_userbot/tg_pump_parser/venv/lib/python3.12/site-packages/telethon/sessions/sqlite.py", line 301, in process_entities
    c.executemany(
sqlite3.OperationalError: database is locked
Task exception was never retrieved
future: <Task finished name='Task-92' coro=<TelegramBaseClient._disconnect_coro() done, defined at /root/pumper_userbot/tg_pump_parser/venv/lib/python3.12/site-packages/telethon/client/telegrambaseclient.py:707> exception=OperationalError('database is locked')>
Traceback (most recent call last):
  File "/root/pumper_userbot/tg_pump_parser/venv/lib/python3.12/site-packages/telethon/client/telegrambaseclient.py", line 737, in _disconnect_coro
    self._save_states_and_entities()
  File "/root/pumper_userbot/tg_pump_parser/venv/lib/python3.12/site-packages/telethon/client/telegrambaseclient.py", line 694, in _save_states_and_entities
    self.session.process_entities(types.contacts.ResolvedPeer(None, [e._as_input_peer() for e in entities], []))
  File "/root/pumper_userbot/tg_pump_parser/venv/lib/python3.12/site-packages/telethon/sessions/sqlite.py", line 301, in process_entities
    c.executemany(
sqlite3.OperationalError: database is locked
Unhandled exception from keepalive_handle after cancelling <class '_asyncio.Task'> (<Task finished name='Task-7' coro=<UpdateMethods._keepalive_loop() done, defined at /root/pumper_userbot/tg_pump_parser/venv/lib/python3.12/site-packages/telethon/client/updates.py:481> exception=OperationalError('database is locked')>)
Traceback (most recent call last):
  File "/root/pumper_userbot/tg_pump_parser/venv/lib/python3.12/site-packages/telethon/helpers.py", line 176, in _cancel
    await task
sqlite3.OperationalError: database is locked
Unhandled exception from keepalive_handle after cancelling <class '_asyncio.Task'> (<Task finished name='Task-7' coro=<UpdateMethods._keepalive_loop() done, defined at /root/pumper_userbot/tg_pump_parser/venv/lib/python3.12/site-packages/telethon/client/updates.py:481> exception=OperationalError('database is locked')>)
Traceback (most recent call last):
  File "/root/pumper_userbot/tg_pump_parser/venv/lib/python3.12/site-packages/telethon/client/updates.py", line 38, in _run_until_disconnected
    raise self._updates_error
  File "/root/pumper_userbot/tg_pump_parser/venv/lib/python3.12/site-packages/telethon/client/updates.py", line 308, in _update_loop
    diff = await self(get_diff)
           ^^^^^^^^^^^^^^^^^^^^
  File "/root/pumper_userbot/tg_pump_parser/venv/lib/python3.12/site-packages/telethon/client/users.py", line 30, in __call__
    return await self._call(self._sender, request, ordered=ordered)
           ^^^^^^^^^^^^^^^^^^^^^^^^^^^^^^^^^^^^^^^^^^^^^^^^^^^^^^^^
  File "/root/pumper_userbot/tg_pump_parser/venv/lib/python3.12/site-packages/telethon/client/users.py", line 93, in _call
    self.session.process_entities(result)
  File "/root/pumper_userbot/tg_pump_parser/venv/lib/python3.12/site-packages/telethon/sessions/sqlite.py", line 301, in process_entities
    c.executemany(
sqlite3.OperationalError: database is locked

During handling of the above exception, another exception occurred:

Traceback (most recent call last):
  File "/root/pumper_userbot/tg_pump_parser/venv/lib/python3.12/site-packages/telethon/client/updates.py", line 96, in run_until_disconnected
    return self.loop.run_until_complete(self._run_until_disconnected())
           ^^^^^^^^^^^^^^^^^^^^^^^^^^^^^^^^^^^^^^^^^^^^^^^^^^^^^^^^^^^^
  File "/usr/lib/python3.12/asyncio/base_events.py", line 687, in run_until_complete
    return future.result()
           ^^^^^^^^^^^^^^^
  File "/root/pumper_userbot/tg_pump_parser/venv/lib/python3.12/site-packages/telethon/client/updates.py", line 43, in _run_until_disconnected
    await self.disconnect()
  File "/root/pumper_userbot/tg_pump_parser/venv/lib/python3.12/site-packages/telethon/client/telegrambaseclient.py", line 737, in _disconnect_coro
    self._save_states_and_entities()
  File "/root/pumper_userbot/tg_pump_parser/venv/lib/python3.12/site-packages/telethon/client/telegrambaseclient.py", line 694, in _save_states_and_entities
    self.session.process_entities(types.contacts.ResolvedPeer(None, [e._as_input_peer() for e in entities], []))
  File "/root/pumper_userbot/tg_pump_parser/venv/lib/python3.12/site-packages/telethon/sessions/sqlite.py", line 301, in process_entities
    c.executemany(
sqlite3.OperationalError: database is locked

During handling of the above exception, another exception occurred:

Traceback (most recent call last):
  File "/root/pumper_userbot/tg_pump_parser/venv/lib/python3.12/site-packages/telethon/helpers.py", line 176, in _cancel
    await task
sqlite3.OperationalError: database is locked
Traceback (most recent call last):
  File "/root/pumper_userbot/tg_pump_parser/venv/lib/python3.12/site-packages/telethon/client/updates.py", line 38, in _run_until_disconnected
    raise self._updates_error
  File "/root/pumper_userbot/tg_pump_parser/venv/lib/python3.12/site-packages/telethon/client/updates.py", line 308, in _update_loop
    diff = await self(get_diff)
           ^^^^^^^^^^^^^^^^^^^^
  File "/root/pumper_userbot/tg_pump_parser/venv/lib/python3.12/site-packages/telethon/client/users.py", line 30, in __call__
    return await self._call(self._sender, request, ordered=ordered)
           ^^^^^^^^^^^^^^^^^^^^^^^^^^^^^^^^^^^^^^^^^^^^^^^^^^^^^^^^
  File "/root/pumper_userbot/tg_pump_parser/venv/lib/python3.12/site-packages/telethon/client/users.py", line 93, in _call
    self.session.process_entities(result)
  File "/root/pumper_userbot/tg_pump_parser/venv/lib/python3.12/site-packages/telethon/sessions/sqlite.py", line 301, in process_entities
    c.executemany(
sqlite3.OperationalError: database is locked

During handling of the above exception, another exception occurred:

Traceback (most recent call last):
  File "/root/pumper_userbot/tg_pump_parser/venv/lib/python3.12/site-packages/telethon/client/updates.py", line 96, in run_until_disconnected
    return self.loop.run_until_complete(self._run_until_disconnected())
           ^^^^^^^^^^^^^^^^^^^^^^^^^^^^^^^^^^^^^^^^^^^^^^^^^^^^^^^^^^^^
  File "/usr/lib/python3.12/asyncio/base_events.py", line 687, in run_until_complete
    return future.result()
           ^^^^^^^^^^^^^^^
  File "/root/pumper_userbot/tg_pump_parser/venv/lib/python3.12/site-packages/telethon/client/updates.py", line 43, in _run_until_disconnected
    await self.disconnect()
  File "/root/pumper_userbot/tg_pump_parser/venv/lib/python3.12/site-packages/telethon/client/telegrambaseclient.py", line 737, in _disconnect_coro
    self._save_states_and_entities()
  File "/root/pumper_userbot/tg_pump_parser/venv/lib/python3.12/site-packages/telethon/client/telegrambaseclient.py", line 694, in _save_states_and_entities
    self.session.process_entities(types.contacts.ResolvedPeer(None, [e._as_input_peer() for e in entities], []))
  File "/root/pumper_userbot/tg_pump_parser/venv/lib/python3.12/site-packages/telethon/sessions/sqlite.py", line 301, in process_entities
    c.executemany(
sqlite3.OperationalError: database is locked

During handling of the above exception, another exception occurred:

Traceback (most recent call last):
  File "/root/pumper_userbot/tg_pump_parser/userbot_parser.py", line 33, in <module>
    client.run_until_disconnected()
  File "/root/pumper_userbot/tg_pump_parser/venv/lib/python3.12/site-packages/telethon/client/updates.py", line 101, in run_until_disconnected
    self.disconnect()
  File "/root/pumper_userbot/tg_pump_parser/venv/lib/python3.12/site-packages/telethon/client/telegrambaseclient.py", line 651, in disconnect
    self.loop.run_until_complete(self._disconnect_coro())
  File "/usr/lib/python3.12/asyncio/base_events.py", line 687, in run_until_complete
    return future.result()
           ^^^^^^^^^^^^^^^
  File "/root/pumper_userbot/tg_pump_parser/venv/lib/python3.12/site-packages/telethon/client/telegrambaseclient.py", line 737, in _disconnect_coro
    self._save_states_and_entities()
  File "/root/pumper_userbot/tg_pump_parser/venv/lib/python3.12/site-packages/telethon/client/telegrambaseclient.py", line 694, in _save_states_and_entities
    self.session.process_entities(types.contacts.ResolvedPeer(None, [e._as_input_peer() for e in entities], []))
  File "/root/pumper_userbot/tg_pump_parser/venv/lib/python3.12/site-packages/telethon/sessions/sqlite.py", line 301, in process_entities
    c.executemany(
sqlite3.OperationalError: database is locked
                                                                                                                                                                                                                                                                                                                                                                                                                                                                                                                                                                                                                                                                                                                                                                                                                                                                                                                                                                                                                                                                                                                                                                                                                                                                                                                                                                                                                                                                                                                                                                                                                                                                                                                                                                                                                                                                                                                                                                                                                                                                                                                                                                                                                                                                                                                                                                                                                                                                                                                                                                                                                                                                                                                                                                                                                                                                                                                                                                                                                                                                                                                                                                                                                                                                                                                                                                                                                                                                                                                                                                                                                                                                                                                                                                                                                                                                                                                                                                                                                                                                                                                                                                                                                                                                                                                                                                                                                                                                                                                                                                                                                                                                                                                                                                                                                                                                                                                                                                                                                                                                                                                                                                                                                                                                                                                                                                                                                                                                                                                                                                                                                                                                                                                                                                                                                                                                                                                                                                                                                                                                                                                                                                                                                                                                                                                                                                                                                                                                                                                                                                                                                                                                                                                                                                                                        ‚è≠Ô∏è Skipped
‚è≠Ô∏è Skipped
‚è≠Ô∏è Skipped
‚è≠Ô∏è Skipped
‚è≠Ô∏è Skipped
‚è≠Ô∏è Skipped
‚è≠Ô∏è Skipped
‚è≠Ô∏è Skipped
‚è≠Ô∏è Skipped
‚è≠Ô∏è Skipped
‚è≠Ô∏è Skipped
‚è≠Ô∏è Skipped
‚è≠Ô∏è Skipped
‚è≠Ô∏è Skipped
‚è≠Ô∏è Skipped
‚è≠Ô∏è Skipped
‚è≠Ô∏è Skipped
‚è≠Ô∏è Skipped
‚è≠Ô∏è Skipped
‚è≠Ô∏è Skipped
‚è≠Ô∏è Skipped
‚è≠Ô∏è Skipped
‚è≠Ô∏è Skipped
‚è≠Ô∏è Skipped
‚è≠Ô∏è Skipped
‚è≠Ô∏è Skipped
‚è≠Ô∏è Skipped
‚è≠Ô∏è Skipped
‚è≠Ô∏è Skipped
‚è≠Ô∏è Skipped
‚è≠Ô∏è Skipped
‚è≠Ô∏è Skipped
‚è≠Ô∏è Skipped
‚è≠Ô∏è Skipped
‚è≠Ô∏è Skipped
‚è≠Ô∏è Skipped
‚è≠Ô∏è Skipped
‚è≠Ô∏è Skipped
‚è≠Ô∏è Skipped
‚è≠Ô∏è Skipped
‚è≠Ô∏è Skipped
‚è≠Ô∏è Skipped
‚è≠Ô∏è Skipped
‚è≠Ô∏è Skipped
‚è≠Ô∏è Skipped
‚è≠Ô∏è Skipped
‚è≠Ô∏è Skipped
‚è≠Ô∏è Skipped
‚è≠Ô∏è Skipped
‚è≠Ô∏è Skipped
‚è≠Ô∏è Skipped
‚è≠Ô∏è Skipped
‚è≠Ô∏è Skipped
‚è≠Ô∏è Skipped
‚è≠Ô∏è Skipped
‚è≠Ô∏è Skipped
‚è≠Ô∏è Skipped
‚è≠Ô∏è Skipped
‚è≠Ô∏è Skipped
‚è≠Ô∏è Skipped
‚è≠Ô∏è Skipped
‚è≠Ô∏è Skipped
‚è≠Ô∏è Skipped
‚è≠Ô∏è Skipped
‚è≠Ô∏è Skipped
‚è≠Ô∏è Skipped
‚è≠Ô∏è Skipped
‚è≠Ô∏è Skipped
‚è≠Ô∏è Skipped
‚è≠Ô∏è Skipped
‚è≠Ô∏è Skipped
‚è≠Ô∏è Skipped
‚è≠Ô∏è Skipped
‚è≠Ô∏è Skipped
‚è≠Ô∏è Skipped
‚è≠Ô∏è Skipped
‚è≠Ô∏è Skipped
‚è≠Ô∏è Skipped
‚è≠Ô∏è Skipped
‚è≠Ô∏è Skipped
‚è≠Ô∏è Skipped
‚è≠Ô∏è Skipped
‚úÖ Forwarded: üü¢ $LAMBO
–ò–ó–ú.: +6.24%

MAX: 0.00349
MIN: 0.003285

MAX SIZE: $175.35

NOW LAST PRICE: $0.00349
–°–ü–†–ê–í
‚úÖ Forwarded: üü¢ $LAMBO
–ò–ó–ú.: +6.56%

MAX: 0.003719
MIN: 0.00349

MAX SIZE: $184.15

NOW LAST PRICE: $0.003719
–°–ü–†–ê
‚è≠Ô∏è Skipped
‚è≠Ô∏è Skipped
‚è≠Ô∏è Skipped
‚è≠Ô∏è Skipped
‚è≠Ô∏è Skipped
‚è≠Ô∏è Skipped
‚è≠Ô∏è Skipped
‚è≠Ô∏è Skipped
‚è≠Ô∏è Skipped
‚è≠Ô∏è Skipped
‚è≠Ô∏è Skipped
‚è≠Ô∏è Skipped
‚è≠Ô∏è Skipped
‚è≠Ô∏è Skipped
‚è≠Ô∏è Skipped
‚è≠Ô∏è Skipped
‚è≠Ô∏è Skipped
‚è≠Ô∏è Skipped
‚è≠Ô∏è Skipped
‚è≠Ô∏è Skipped
‚è≠Ô∏è Skipped
‚è≠Ô∏è Skipped
‚è≠Ô∏è Skipped
‚è≠Ô∏è Skipped
‚è≠Ô∏è Skipped
‚è≠Ô∏è Skipped
‚è≠Ô∏è Skipped
‚è≠Ô∏è Skipped
‚è≠Ô∏è Skipped
‚è≠Ô∏è Skipped
‚è≠Ô∏è Skipped
‚è≠Ô∏è Skipped
‚è≠Ô∏è Skipped
‚è≠Ô∏è Skipped
‚è≠Ô∏è Skipped
‚è≠Ô∏è Skipped
‚è≠Ô∏è Skipped
‚è≠Ô∏è Skipped
‚è≠Ô∏è Skipped
‚è≠Ô∏è Skipped
‚è≠Ô∏è Skipped
‚è≠Ô∏è Skipped
‚è≠Ô∏è Skipped
‚è≠Ô∏è Skipped
‚è≠Ô∏è Skipped
‚è≠Ô∏è Skipped
‚è≠Ô∏è Skipped
‚è≠Ô∏è Skipped
‚è≠Ô∏è Skipped
‚è≠Ô∏è Skipped
‚è≠Ô∏è Skipped
‚è≠Ô∏è Skipped
‚è≠Ô∏è Skipped
‚è≠Ô∏è Skipped
‚è≠Ô∏è Skipped
‚è≠Ô∏è Skipped
‚è≠Ô∏è Skipped
‚è≠Ô∏è Skipped
‚è≠Ô∏è Skipped
‚è≠Ô∏è Skipped
‚è≠Ô∏è Skipped
‚è≠Ô∏è Skipped
‚è≠Ô∏è Skipped
‚è≠Ô∏è Skipped
‚è≠Ô∏è Skipped
‚è≠Ô∏è Skipped
‚è≠Ô∏è Skipped
‚è≠Ô∏è Skipped
‚è≠Ô∏è Skipped
‚è≠Ô∏è Skipped
‚è≠Ô∏è Skipped
‚è≠Ô∏è Skipped
‚è≠Ô∏è Skipped
‚è≠Ô∏è Skipped
‚è≠Ô∏è Skipped
‚è≠Ô∏è Skipped
‚è≠Ô∏è Skipped
‚è≠Ô∏è Skipped
‚è≠Ô∏è Skipped
‚è≠Ô∏è Skipped
‚è≠Ô∏è Skipped
‚è≠Ô∏è Skipped
‚è≠Ô∏è Skipped
‚è≠Ô∏è Skipped
‚è≠Ô∏è Skipped
‚è≠Ô∏è Skipped
‚è≠Ô∏è Skipped
‚è≠Ô∏è Skipped
‚úÖ Forwarded: üî¥ $LMWR
–ò–ó–ú.: -5.56%

MAX: 0.0701
MIN: 0.0662

MAX SIZE: $732.60

NOW LAST PRICE: $0.0662
–°–ü–†–ê–í–ï–î–õ. 
‚è≠Ô∏è Skipped
‚è≠Ô∏è Skipped
‚è≠Ô∏è Skipped
‚è≠Ô∏è Skipped
‚è≠Ô∏è Skipped
‚è≠Ô∏è Skipped
‚è≠Ô∏è Skipped
‚è≠Ô∏è Skipped
‚è≠Ô∏è Skipped
‚è≠Ô∏è Skipped
‚è≠Ô∏è Skipped
‚è≠Ô∏è Skipped
‚è≠Ô∏è Skipped
‚è≠Ô∏è Skipped
‚è≠Ô∏è Skipped
‚è≠Ô∏è Skipped
‚è≠Ô∏è Skipped
‚è≠Ô∏è Skipped
‚è≠Ô∏è Skipped
‚è≠Ô∏è Skipped
‚è≠Ô∏è Skipped
‚è≠Ô∏è Skipped
‚è≠Ô∏è Skipped
‚è≠Ô∏è Skipped
‚è≠Ô∏è Skipped
‚è≠Ô∏è Skipped
‚è≠Ô∏è Skipped
‚è≠Ô∏è Skipped
‚è≠Ô∏è Skipped
‚è≠Ô∏è Skipped
‚è≠Ô∏è Skipped
‚è≠Ô∏è Skipped
‚è≠Ô∏è Skipped
‚è≠Ô∏è Skipped
‚è≠Ô∏è Skipped
‚è≠Ô∏è Skipped
‚è≠Ô∏è Skipped
‚è≠Ô∏è Skipped
‚è≠Ô∏è Skipped
‚è≠Ô∏è Skipped
‚è≠Ô∏è Skipped
‚è≠Ô∏è Skipped
‚è≠Ô∏è Skipped
‚è≠Ô∏è Skipped
‚è≠Ô∏è Skipped
‚è≠Ô∏è Skipped
‚è≠Ô∏è Skipped
‚è≠Ô∏è Skipped
‚è≠Ô∏è Skipped
‚è≠Ô∏è Skipped
‚è≠Ô∏è Skipped
‚è≠Ô∏è Skipped
‚è≠Ô∏è Skipped
‚è≠Ô∏è Skipped
‚è≠Ô∏è Skipped
‚è≠Ô∏è Skipped
‚è≠Ô∏è Skipped
‚è≠Ô∏è Skipped
‚è≠Ô∏è Skipped
‚è≠Ô∏è Skipped
‚è≠Ô∏è Skipped
‚è≠Ô∏è Skipped
‚è≠Ô∏è Skipped
‚è≠Ô∏è Skipped
‚è≠Ô∏è Skipped
‚è≠Ô∏è Skipped
‚è≠Ô∏è Skipped
‚è≠Ô∏è Skipped
‚è≠Ô∏è Skipped
‚è≠Ô∏è Skipped
‚è≠Ô∏è Skipped
‚è≠Ô∏è Skipped
‚è≠Ô∏è Skipped
‚è≠Ô∏è Skipped
‚è≠Ô∏è Skipped
‚è≠Ô∏è Skipped
‚è≠Ô∏è Skipped
‚è≠Ô∏è Skipped
‚è≠Ô∏è Skipped
‚è≠Ô∏è Skipped
‚è≠Ô∏è Skipped
‚è≠Ô∏è Skipped
‚è≠Ô∏è Skipped
‚è≠Ô∏è Skipped
‚è≠Ô∏è Skipped
‚è≠Ô∏è Skipped
‚è≠Ô∏è Skipped
‚è≠Ô∏è Skipped
‚è≠Ô∏è Skipped
‚è≠Ô∏è Skipped
‚è≠Ô∏è Skipped
‚è≠Ô∏è Skipped
‚è≠Ô∏è Skipped
‚è≠Ô∏è Skipped
‚è≠Ô∏è Skipped
‚è≠Ô∏è Skipped
‚è≠Ô∏è Skipped
